<?xml version="1.0" encoding="UTF-8"?>
<!-- Generated by org.testng.reporters.JUnitReportReporter -->
<testsuite hostname="DESKTOP-NB17RKO" failures="0" tests="3" name="com.jala.qa.testcases.LoginPageTest" time="14.768" errors="0" timestamp="10 May 2024 05:49:17 GMT" skipped="0">
  <testcase classname="com.jala.qa.testcases.LoginPageTest" name="logintext" time="4.452"/>
  <testcase classname="com.jala.qa.testcases.LoginPageTest" name="loginPageTitle" time="6.519"/>
  <testcase classname="com.jala.qa.testcases.LoginPageTest" name="loginPageVisibletext" time="3.797"/>
</testsuite> <!-- com.jala.qa.testcases.LoginPageTest -->
