<?xml version="1.0" encoding="UTF-8"?>
<!-- Generated by org.testng.reporters.JUnitReportReporter -->
<testsuite hostname="DESKTOP-NB17RKO" failures="0" tests="3" name="com.jala.qa.testcases.LoginPageTest" time="11.529" errors="0" timestamp="09 May 2024 11:28:42 GMT" skipped="0">
  <testcase classname="com.jala.qa.testcases.LoginPageTest" name="logintext" time="4.254"/>
  <testcase classname="com.jala.qa.testcases.LoginPageTest" name="loginPageTitle" time="3.633"/>
  <testcase classname="com.jala.qa.testcases.LoginPageTest" name="loginPageVisibletext" time="3.642"/>
</testsuite> <!-- com.jala.qa.testcases.LoginPageTest -->
