<?xml version="1.0" encoding="UTF-8"?>
<!-- Generated by org.testng.reporters.JUnitReportReporter -->
<testsuite hostname="DESKTOP-NB17RKO" failures="0" tests="6" name="com.jala.qa.testcases.HomePgaeTest" time="30.355" errors="0" timestamp="06 May 2024 07:58:15 GMT" skipped="0">
  <testcase classname="com.jala.qa.testcases.HomePgaeTest" name="VerifyTitleHomePage" time="9.109"/>
  <testcase classname="com.jala.qa.testcases.HomePgaeTest" name="verifyHomeVisibletext" time="3.960"/>
  <testcase classname="com.jala.qa.testcases.HomePgaeTest" name="VerifyUserId" time="4.309"/>
  <testcase classname="com.jala.qa.testcases.HomePgaeTest" name="VerifyHomepageTotalLiks" time="4.083"/>
  <testcase classname="com.jala.qa.testcases.HomePgaeTest" name="clickOnMultiplePageTab" time="4.319"/>
  <testcase classname="com.jala.qa.testcases.HomePgaeTest" name="VarifyClickOnEmployeeLink" time="4.575"/>
</testsuite> <!-- com.jala.qa.testcases.HomePgaeTest -->
