<?xml version="1.0" encoding="UTF-8"?>
<!-- Generated by org.testng.reporters.JUnitReportReporter -->
<testsuite hostname="DESKTOP-NB17RKO" failures="0" tests="3" name="com.jala.qa.testcases.LoginPageTest" time="18.676" errors="0" timestamp="04 May 2024 09:04:51 GMT" skipped="0">
  <testcase classname="com.jala.qa.testcases.LoginPageTest" name="logintext" time="4.776"/>
  <testcase classname="com.jala.qa.testcases.LoginPageTest" name="loginPageTitle" time="8.573"/>
  <testcase classname="com.jala.qa.testcases.LoginPageTest" name="loginPageVisibletext" time="5.327"/>
</testsuite> <!-- com.jala.qa.testcases.LoginPageTest -->
