<?xml version="1.0" encoding="UTF-8"?>
<!-- Generated by org.testng.reporters.JUnitReportReporter -->
<testsuite hostname="DESKTOP-NB17RKO" failures="0" tests="1" name="com.jala.qa.testcases.CreateEmployeeDatailsTest" time="0.000" errors="0" timestamp="09 May 2024 11:28:42 GMT" skipped="1">
  <testcase classname="com.jala.qa.testcases.CreateEmployeeDatailsTest" name="VarifyNewEmployeeDetailsCreation" time="0.000">
    <skipped/>
  </testcase> <!-- VarifyNewEmployeeDetailsCreation -->
</testsuite> <!-- com.jala.qa.testcases.CreateEmployeeDatailsTest -->
