<?xml version="1.0" encoding="UTF-8"?>
<!-- Generated by org.testng.reporters.JUnitReportReporter -->
<testsuite hostname="DESKTOP-NB17RKO" failures="0" tests="5" name="com.jala.qa.testcases.HomePgaeTest" time="23.233" errors="0" timestamp="06 May 2024 04:28:52 GMT" skipped="0">
  <testcase classname="com.jala.qa.testcases.HomePgaeTest" name="VerifyTitleHomePage" time="6.772"/>
  <testcase classname="com.jala.qa.testcases.HomePgaeTest" name="verifyHomeVisibletext" time="4.144"/>
  <testcase classname="com.jala.qa.testcases.HomePgaeTest" name="VerifyUserId" time="4.165"/>
  <testcase classname="com.jala.qa.testcases.HomePgaeTest" name="VerifyHomepageTotalLiks" time="3.707"/>
  <testcase classname="com.jala.qa.testcases.HomePgaeTest" name="VarifyClickOnEmployeeLink" time="4.445"/>
</testsuite> <!-- com.jala.qa.testcases.HomePgaeTest -->
