<?xml version="1.0" encoding="UTF-8"?>
<!-- Generated by org.testng.reporters.JUnitReportReporter -->
<testsuite hostname="DESKTOP-NB17RKO" failures="0" tests="4" name="com.jala.qa.testcases.CreateEmployeeDatailsTest" time="66.260" errors="0" timestamp="08 May 2024 08:29:32 GMT" skipped="0">
  <testcase classname="com.jala.qa.testcases.CreateEmployeeDatailsTest" name="VarifyNewEmployeeDetailsCreation" time="14.221"/>
  <testcase classname="com.jala.qa.testcases.CreateEmployeeDatailsTest" name="VarifyNewEmployeeDetailsCreation" time="14.369"/>
  <testcase classname="com.jala.qa.testcases.CreateEmployeeDatailsTest" name="VarifyNewEmployeeDetailsCreation" time="21.947"/>
  <testcase classname="com.jala.qa.testcases.CreateEmployeeDatailsTest" name="VarifyNewEmployeeDetailsCreation" time="15.723"/>
</testsuite> <!-- com.jala.qa.testcases.CreateEmployeeDatailsTest -->
