<?xml version="1.0" encoding="UTF-8"?>
<!-- Generated by org.testng.reporters.JUnitReportReporter -->
<testsuite hostname="DESKTOP-NB17RKO" failures="0" tests="3" name="com.jala.qa.testcases.LoginPageTest" time="13.689" errors="0" timestamp="09 May 2024 09:00:38 GMT" skipped="0">
  <testcase classname="com.jala.qa.testcases.LoginPageTest" name="logintext" time="5.279"/>
  <testcase classname="com.jala.qa.testcases.LoginPageTest" name="loginPageTitle" time="4.263"/>
  <testcase classname="com.jala.qa.testcases.LoginPageTest" name="loginPageVisibletext" time="4.147"/>
</testsuite> <!-- com.jala.qa.testcases.LoginPageTest -->
