<?xml version="1.0" encoding="UTF-8"?>
<!-- Generated by org.testng.reporters.JUnitReportReporter -->
<testsuite hostname="DESKTOP-NB17RKO" failures="0" tests="1" name="com.jala.qa.testcases.CreateEmployeeDatailsTest" time="19.742" errors="0" timestamp="07 May 2024 11:14:23 GMT" skipped="0">
  <testcase classname="com.jala.qa.testcases.CreateEmployeeDatailsTest" name="VarifyNewEmployeeDetailsCreation" time="19.742"/>
</testsuite> <!-- com.jala.qa.testcases.CreateEmployeeDatailsTest -->
